<?xml version="1.0" encoding="UTF-8"?>
<!-- Generated by org.testng.reporters.JUnitReportReporter -->
<testsuite skipped="0" hostname="DESKTOP-BB8TJ6F" name="tests.SoapXMLRequest" tests="1" failures="0" timestamp="2021-07-01T10:52:23 IST" time="2.700" errors="0">
  <testcase name="validateSoapXML" time="2.700" classname="tests.SoapXMLRequest"/>
  <system-out/>
</testsuite> <!-- tests.SoapXMLRequest -->
