<?xml version="1.0" encoding="UTF-8"?>
<!-- Generated by org.testng.reporters.JUnitReportReporter -->
<testsuite skipped="0" hostname="DESKTOP-BB8TJ6F" name="tests.GetAndPostExamples" tests="2" failures="0" timestamp="2021-06-30T17:10:03 IST" time="3.265" errors="0">
  <testcase name="testPost" time="1.000" classname="tests.GetAndPostExamples"/>
  <system-out/>
  <testcase name="testGet" time="2.265" classname="tests.GetAndPostExamples"/>
  <system-out/>
</testsuite> <!-- tests.GetAndPostExamples -->
