<?xml version="1.0" encoding="UTF-8"?>
<!-- Generated by org.testng.reporters.JUnitReportReporter -->
<testsuite skipped="0" hostname="DESKTOP-BB8TJ6F" name="tests.TestExamples" tests="2" failures="0" timestamp="2021-06-30T13:55:40 IST" time="3.226" errors="0">
  <testcase name="test1" time="2.070" classname="tests.TestExamples"/>
  <system-out/>
  <testcase name="test2" time="1.156" classname="tests.TestExamples"/>
  <system-out/>
</testsuite> <!-- tests.TestExamples -->
