<?xml version="1.0" encoding="UTF-8"?>
<!-- Generated by org.testng.reporters.JUnitReportReporter -->
<testsuite skipped="0" hostname="DESKTOP-BB8TJ6F" name="tests.JSONSchemaValidator" tests="1" failures="0" timestamp="2021-07-01T14:29:25 IST" time="2.221" errors="0">
  <testcase name="testGet" time="2.221" classname="tests.JSONSchemaValidator"/>
  <system-out/>
</testsuite> <!-- tests.JSONSchemaValidator -->
