<?xml version="1.0" encoding="UTF-8"?>
<!-- Generated by org.testng.reporters.JUnitReportReporter -->
<testsuite skipped="0" hostname="DESKTOP-BB8TJ6F" name="tests.XMLSchemaValidation" tests="1" failures="0" timestamp="2021-07-01T14:48:28 IST" time="2.636" errors="0">
  <testcase name="schemaValidation" time="2.636" classname="tests.XMLSchemaValidation"/>
  <system-out/>
</testsuite> <!-- tests.XMLSchemaValidation -->
