<?xml version="1.0" encoding="UTF-8"?>
<!-- Generated by org.testng.reporters.JUnitReportReporter -->
<testsuite skipped="0" hostname="DESKTOP-BB8TJ6F" name="tests.PutPatchDeleteExamples" tests="3" failures="0" timestamp="2021-06-30T17:17:17 IST" time="4.092" errors="0">
  <testcase name="testPatch" time="0.953" classname="tests.PutPatchDeleteExamples"/>
  <system-out/>
  <testcase name="testPut" time="0.797" classname="tests.PutPatchDeleteExamples"/>
  <system-out/>
  <testcase name="testDelete" time="2.342" classname="tests.PutPatchDeleteExamples"/>
  <system-out/>
</testsuite> <!-- tests.PutPatchDeleteExamples -->
