<?xml version="1.0" encoding="UTF-8"?>
<!-- Generated by org.testng.reporters.JUnitReportReporter -->
<testsuite skipped="0" hostname="DESKTOP-BB8TJ6F" name="tests.TestsOnLocalAPI" tests="1" failures="0" timestamp="2021-06-30T18:36:55 IST" time="1.255" errors="0">
  <testcase name="delete" time="1.255" classname="tests.TestsOnLocalAPI"/>
  <system-out/>
</testsuite> <!-- tests.TestsOnLocalAPI -->
